build/app/outputs/mapping/release/seeds.txt
io.flutter.embedding.engine.FlutterJNI: void nativeOnVsync(long,long,long)
androidx.window.layout.ExtensionInterfaceCompat$ExtensionCallbackInterface
androidx.window.embedding.SplitController: void setStaticSplitRules(java.util.Set)
androidx.window.java.layout.WindowInfoTrackerCallbackAdapter$addListener$1$1$invokeSuspend$$inlined$collect$1: androidx.core.util.Consumer $consumer$inlined
io.flutter.embedding.android.FlutterSurfaceView: io.flutter.embedding.engine.renderer.FlutterRenderer getAttachedRenderer()
kotlin.jvm.internal.FunctionReference: int hashCode()
com.google.android.gms.measurement.internal.zzks: android.os.Parcelable$Creator CREATOR
androidx.versionedparcelable.ParcelImpl
io.flutter.embedding.engine.FlutterJNI: io.flutter.plugin.platform.PlatformViewsController platformViewsController
io.flutter.embedding.android.FlutterSplashView$SavedState: void writeToParcel(android.os.Parcel,int)
io.flutter.embedding.engine.systemchannels.PlatformChannel$SystemUiOverlay: io.flutter.embedding.engine.systemchannels.PlatformChannel$SystemUiOverlay[] values()
com.google.android.gms.internal.measurement.zzfk
com.google.android.gms.internal.measurement.zzgm
androidx.window.layout.SidecarWindowBackend: SidecarWindowBackend(androidx.window.layout.ExtensionInterfaceCompat)
androidx.window.layout.HardwareFoldingFeature: HardwareFoldingFeature(androidx.window.core.Bounds,androidx.window.layout.HardwareFoldingFeature$Type,androidx.window.layout.FoldingFeature$State)
io.flutter.embedding.engine.FlutterJNI: void loadLibrary()
androidx.window.embedding.SplitPairFilter: int hashCode()
androidx.window.layout.WindowMetricsCalculator: androidx.window.layout.WindowMetricsCalculator$Companion Companion
androidx.window.embedding.MatcherUtils
com.google.android.gms.internal.measurement.zzgm: com.google.android.gms.internal.measurement.zzgm zza
com.google.android.gms.internal.measurement.zzgo: com.google.android.gms.internal.measurement.zzgk zzg
androidx.window.layout.ExtensionsWindowLayoutInfoAdapter: androidx.window.layout.FoldingFeature translate$window_release(android.app.Activity,androidx.window.extensions.layout.FoldingFeature)
androidx.window.embedding.ExtensionEmbeddingBackend$SplitListenerWrapper: ExtensionEmbeddingBackend$SplitListenerWrapper(android.app.Activity,java.util.concurrent.Executor,androidx.core.util.Consumer)
com.google.android.gms.internal.measurement.zzfe: java.lang.String zzg
kotlin.jvm.internal.CallableReference: java.lang.String getName()
com.google.android.gms.internal.measurement.zzex: int zzf
io.flutter.embedding.engine.FlutterJNI: void ensureNotAttachedToNative()
kotlinx.coroutines.channels.AbstractSendChannel
io.flutter.embedding.engine.FlutterJNI: void setAccessibilityFeatures(int)
com.google.android.gms.internal.measurement.zzgo: int zze
kotlin.coroutines.jvm.internal.ContinuationImpl: void releaseIntercepted()
kotlin.jvm.internal.Lambda: Lambda(int)
kotlin.coroutines.jvm.internal.SuspendLambda: SuspendLambda(int,kotlin.coroutines.Continuation)
androidx.window.layout.ExtensionsWindowLayoutInfoAdapter: androidx.window.layout.ExtensionsWindowLayoutInfoAdapter INSTANCE
com.google.android.gms.measurement.AppMeasurement$ConditionalUserProperty: long mCreationTimestamp
com.google.android.gms.internal.measurement.zzjp: com.google.android.gms.internal.measurement.zzjp[] values()
androidx.window.R$styleable
androidx.window.embedding.ActivityRule: int hashCode()
androidx.window.embedding.ExtensionEmbeddingBackend: androidx.window.embedding.EmbeddingInterfaceCompat getEmbeddingExtension()
com.google.android.gms.internal.measurement.zzgb: int zzf
androidx.window.core.Version: int getMinor()
androidx.window.layout.WindowInfoTrackerImpl
com.google.android.gms.internal.measurement.zzej: boolean zzi
com.google.firebase.analytics.connector.internal.AnalyticsConnectorRegistrar: com.google.firebase.analytics.connector.AnalyticsConnector lambda$getComponents$0(com.google.firebase.components.ComponentContainer)