build/app/outputs/mapping/release/mapping.txt
# compiler: R8
# compiler_version: 2.1.62
# min_api: 23
# pg_map_id: 5309e79
# common_typos_disable
...
com.google.android.gms.measurement.internal.zzas -> com.google.android.gms.measurement.internal.t:
    android.os.Bundle zza -> l
    int zza() -> d
    android.os.Bundle zzb(com.google.android.gms.measurement.internal.zzas) -> g
    android.os.Bundle zzc() -> h
    java.lang.Double zzd(java.lang.String) -> j
    java.lang.Long zze(java.lang.String) -> l
    java.lang.Object zzf(java.lang.String) -> o
    java.lang.String zzg(java.lang.String) -> q
com.google.android.gms.measurement.internal.zzat -> com.google.android.gms.measurement.internal.u:
com.google.android.gms.measurement.internal.zzau -> com.google.android.gms.measurement.internal.v:
    java.lang.String zza -> l
    java.lang.String zzc -> n
    com.google.android.gms.measurement.internal.zzas zzb -> m
    long zzd -> o
com.google.android.gms.measurement.internal.zzav -> com.google.android.gms.measurement.internal.w:
    void zza(com.google.android.gms.measurement.internal.zzau,android.os.Parcel,int) -> a
com.google.android.gms.measurement.internal.zzaw -> com.google.android.gms.measurement.internal.x:
    com.google.android.gms.measurement.internal.zzaw zza -> a
    java.lang.Object zza() -> a
com.google.android.gms.measurement.internal.zzax -> com.google.android.gms.measurement.internal.y:
    com.google.android.gms.measurement.internal.zzax zza -> a
    java.lang.Object zza() -> a
com.google.android.gms.measurement.internal.zzay -> com.google.android.gms.measurement.internal.z:
    com.google.android.gms.measurement.internal.zzay zza -> a
    java.lang.Object zza() -> a
com.google.android.gms.measurement.internal.zzaz -> com.google.android.gms.measurement.internal.a0:
    com.google.android.gms.measurement.internal.zzaz zza -> a
    java.lang.Object zza() -> a
com.google.android.gms.measurement.internal.zzb -> com.google.android.gms.measurement.internal.b0:
    com.google.android.gms.measurement.internal.zzd zzc -> n
    java.lang.String zza -> l
    long zzb -> m
com.google.android.gms.measurement.internal.zzba -> com.google.android.gms.measurement.internal.c0:
    com.google.android.gms.measurement.internal.zzba zza -> a
    java.lang.Object zza() -> a
com.google.android.gms.measurement.internal.zzbb -> com.google.android.gms.measurement.internal.d0:
    com.google.android.gms.measurement.internal.zzbb zza -> a
    java.lang.Object zza() -> a
com.google.android.gms.measurement.internal.zzbc -> com.google.android.gms.measurement.internal.e0:
    com.google.android.gms.measurement.internal.zzbc zza -> a
    java.lang.Object zza() -> a
com.google.android.gms.measurement.internal.zzbd -> com.google.android.gms.measurement.internal.f0:
    com.google.android.gms.measurement.internal.zzbd zza -> a
    java.lang.Object zza() -> a
com.google.android.gms.measurement.internal.zzbe -> com.google.android.gms.measurement.internal.g0:
    com.google.android.gms.measurement.internal.zzbe zza -> a
    java.lang.Object zza() -> a
com.google.android.gms.measurement.internal.zzbf -> com.google.android.gms.measurement.internal.h0:
    com.google.android.gms.measurement.internal.zzbf zza -> a
    java.lang.Object zza() -> a
com.google.android.gms.measurement.internal.zzbg -> com.google.android.gms.measurement.internal.i0:
    com.google.android.gms.measurement.internal.zzbg zza -> a
    java.lang.Object zza() -> a
com.google.android.gms.measurement.internal.zzbh -> com.google.android.gms.measurement.internal.j0:
    com.google.android.gms.measurement.internal.zzbh zza -> a
    java.lang.Object zza() -> a
com.google.android.gms.measurement.internal.zzbi -> com.google.android.gms.measurement.internal.k0:
    com.google.android.gms.measurement.internal.zzbi zza -> a
    java.lang.Object zza() -> a
com.google.android.gms.measurement.internal.zzbj -> com.google.android.gms.measurement.internal.l0:
    com.google.android.gms.measurement.internal.zzbj zza -> a
    java.lang.Object zza() -> a