build/app/outputs/mapping/release/usage.txt
kotlin.collections.SetsKt__SetsKt:
    public static final varargs java.util.Set setOf(java.lang.Object[])
    private static final java.util.Set setOf()
    private static final java.util.Set mutableSetOf()
    public static final varargs java.util.Set mutableSetOf(java.lang.Object[])
    private static final java.util.HashSet hashSetOf()
    public static final varargs java.util.HashSet hashSetOf(java.lang.Object[])
    private static final java.util.LinkedHashSet linkedSetOf()
    public static final varargs java.util.LinkedHashSet linkedSetOf(java.lang.Object[])
    public static final java.util.Set setOfNotNull(java.lang.Object)
    public static final varargs java.util.Set setOfNotNull(java.lang.Object[])
    private static final java.util.Set buildSet(kotlin.jvm.functions.Function1)
    private static final java.util.Set buildSet(int,kotlin.jvm.functions.Function1)
    private static final java.util.Set orEmpty(java.util.Set)
    public void <init>()
androidx.core.view.WindowInsetsAnimationCompat$BoundsCompat
kotlin.UInt
kotlin.text.CharCategory
kotlin.io.FilesKt__FilePathComponentsKt
com.google.android.gms.ads.identifier.AdvertisingIdClient:
    public void <init>(android.content.Context)
    public static boolean getIsAdIdFakeForDebugLogging(android.content.Context)
    public com.google.android.gms.ads.identifier.AdvertisingIdClient$Info getInfo()
    public void start()
kotlinx.coroutines.channels.ActorCoroutine
androidx.core.text.util.LinkifyCompat$LinkSpec
kotlin.text.RegexKt
androidx.core.app.NotificationCompat$WearableExtender
kotlin.collections.ArraysKt___ArraysKt$asSequence$$inlined$Sequence$5
kotlin.jvm.functions.Function19:
    public abstract java.lang.Object invoke(java.lang.Object,java.lang.Object,java.lang.Object,java.lang.Object,java.lang.Object,java.lang.Object,java.lang.Object,java.lang.Object,java.lang.Object,java.lang.Object,java.lang.Object,java.lang.Object,java.lang.Object,java.lang.Object,java.lang.Object,java.lang.Object,java.lang.Object,java.lang.Object,java.lang.Object)
androidx.annotation.BoolRes
kotlinx.coroutines.flow.FlowKt__LimitKt$collectWhile$collector$1$emit$1
androidx.core.content.res.ResourcesCompat$ThemeCompat$ImplApi23
com.google.firebase.inject.Deferred
androidx.lifecycle.AndroidViewModel
kotlin.collections.builders.MapBuilderEntries
com.google.firebase.components.BuildConfig
com.google.firebase.installations.remote.RequestLimiter:
    void <init>(com.google.firebase.installations.Utils)
androidx.loader.app.LoaderManagerImpl$LoaderViewModel
androidx.core.app.NotificationBuilderWithBuilderAccessor
kotlinx.coroutines.sync.MutexImpl$LockSelect
com.google.android.gms.internal.common.zzag
com.google.firebase.heartbeatinfo.AutoValue_SdkHeartBeatResult
kotlin.collections.IndexingIterable
kotlinx.coroutines.selects.SelectBuilderImpl$PairSelectOp
androidx.viewpager.widget.ViewPager$3
io.flutter.app.FlutterActivityDelegate$1
androidx.core.app.FrameMetricsAggregator$FrameMetricsBaseImpl
com.google.android.gms.common.util.Hex:
    public static java.lang.String bytesToStringUppercase(byte[])
    public void <init>()
    public static byte[] stringToBytes(java.lang.String)
kotlinx.coroutines.selects.SelectClause0
androidx.annotation.FontRes
kotlinx.coroutines.debug.internal.ConcurrentWeakMap$KeyValueSet
kotlin.random.Random:
    public static synthetic byte[] nextBytes$default(kotlin.random.Random,byte[],int,int,int,java.lang.Object)
    public int nextInt(int)
    public int nextInt(int,int)
    public long nextLong()
    public long nextLong(long)
    public long nextLong(long,long)
    public boolean nextBoolean()
    public double nextDouble()
    public double nextDouble(double)
    public double nextDouble(double,double)
    public float nextFloat()
    public byte[] nextBytes(byte[],int,int)
    public byte[] nextBytes(byte[])
    public byte[] nextBytes(int)
kotlin.DeepRecursiveKt
kotlin.UnsafeLazyImpl